{
  "stats": {
    "suites": 1,
    "tests": 1,
    "passes": 1,
    "pending": 0,
    "failures": 0,
    "start": "2024-04-29T01:12:54.674Z",
    "end": "2024-04-29T01:13:07.795Z",
    "duration": 13121,
    "testsRegistered": 1,
    "passPercent": 100,
    "pendingPercent": 0,
    "other": 0,
    "hasOther": false,
    "skipped": 0,
    "hasSkipped": false
  },
  "results": [
    {
      "uuid": "9317c8db-40f8-42f0-96ee-fe631bf1fd11",
      "title": "",
      "fullFile": "cypress/e2e/Registration_with_existing_email.cy.js",
      "file": "cypress/e2e/Registration_with_existing_email.cy.js",
      "beforeHooks": [],
      "afterHooks": [],
      "tests": [],
      "suites": [
        {
          "uuid": "dd6967fe-81c9-445c-89d2-0b750f6ba1f8",
          "title": "Registration-Positive",
          "fullFile": "",
          "file": "",
          "beforeHooks": [],
          "afterHooks": [],
          "tests": [
            {
              "title": "Fill out registartion form",
              "fullTitle": "Registration-Positive Fill out registartion form",
              "timedOut": null,
              "duration": 12083,
              "state": "passed",
              "speed": "slow",
              "pass": true,
              "fail": false,
              "pending": false,
              "context": "{\n  \"title\": \"cypress-mochawesome-reporter-screenshots\",\n  \"value\": [\n    [\n      \"/Registration_with_existing_email.cy.js/Unsuccessfull_login_wrong_email.png\"\n    ]\n  ]\n}",
              "code": "registerPage.enterUserName(userName);\nregisterPage.enterEmail(globalEmail);\nregisterPage.enterPassword(globalPassword);\nregisterPage.enterPasswordConfirm(globalPasswordConfirm);\nregisterPage.enterDateOfBirth();\nregisterPage.enterPhoneNumber(phoneNumber);\nregisterPage.enterAddress(address);\nregisterPage.selectAddressType();\nregisterPage.selectGenderMale();\nregisterPage.selectCountry(country);\nregisterPage.selectState(state);\nregisterPage.selectCity(city);\nregisterPage.enterZipCode(zipcode);\nregisterPage.checkTermsBox();\nregisterPage.clcikSignUpRegistrationButton();\ncy.get(loc.unSuccessRegistrationMessage).should('exist').screenshot(\"Unsuccessfull_login_wrong_email\");",
              "err": {},
              "uuid": "9472a7fb-d114-47ac-bb00-b85755f9201c",
              "parentUUID": "dd6967fe-81c9-445c-89d2-0b750f6ba1f8",
              "isHook": false,
              "skipped": false
            }
          ],
          "suites": [],
          "passes": [
            "9472a7fb-d114-47ac-bb00-b85755f9201c"
          ],
          "failures": [],
          "pending": [],
          "skipped": [],
          "duration": 12083,
          "root": false,
          "rootEmpty": false,
          "_timeout": 2000
        }
      ],
      "passes": [],
      "failures": [],
      "pending": [],
      "skipped": [],
      "duration": 0,
      "root": true,
      "rootEmpty": true,
      "_timeout": 2000
    }
  ],
  "meta": {
    "mocha": {
      "version": "7.0.1"
    },
    "mochawesome": {
      "options": {
        "quiet": false,
        "reportFilename": "mochawesome",
        "saveHtml": false,
        "saveJson": true,
        "consoleReporter": "spec",
        "useInlineDiffs": false,
        "code": true
      },
      "version": "7.1.3"
    },
    "marge": {
      "options": {
        "charts": true,
        "overwrite": false,
        "html": false,
        "json": true,
        "reportDir": "cypress/reports/mochawesome-report",
        "reportPageTitle": "Project Frame Report",
        "embeddedScreenshots": true
      },
      "version": "6.2.0"
    }
  }
}