{
  "stats": {
    "suites": 1,
    "tests": 1,
    "passes": 1,
    "pending": 0,
    "failures": 0,
    "start": "2024-04-29T03:04:10.551Z",
    "end": "2024-04-29T03:04:23.254Z",
    "duration": 12703,
    "testsRegistered": 1,
    "passPercent": 100,
    "pendingPercent": 0,
    "other": 0,
    "hasOther": false,
    "skipped": 0,
    "hasSkipped": false
  },
  "results": [
    {
      "uuid": "d2f80533-51b7-4c74-abd6-894aa56a2eb0",
      "title": "",
      "fullFile": "cypress/e2e/Regestration.cy.js",
      "file": "cypress/e2e/Regestration.cy.js",
      "beforeHooks": [],
      "afterHooks": [],
      "tests": [],
      "suites": [
        {
          "uuid": "f35de78e-892d-4cae-a877-047e24c94a90",
          "title": "Registration-Positive",
          "fullFile": "",
          "file": "",
          "beforeHooks": [],
          "afterHooks": [],
          "tests": [
            {
              "title": "Fill out registartion form",
              "fullTitle": "Registration-Positive Fill out registartion form",
              "timedOut": null,
              "duration": 11656,
              "state": "passed",
              "speed": "slow",
              "pass": true,
              "fail": false,
              "pending": false,
              "context": null,
              "code": "registerPage.clickRegistrationSign();\nregisterPage.enterUserName(globalUserName);\nregisterPage.enterEmail(globalEmail);\nregisterPage.enterPassword(globalPassword);\nregisterPage.enterPasswordConfirm(globalPasswordConfirm);\nregisterPage.enterDateOfBirth();\nregisterPage.enterPhoneNumber(phoneNumber);\nregisterPage.enterAddress(address);\nregisterPage.selectAddressType();\nregisterPage.selectGenderMale();\nregisterPage.selectCountry(country);\nregisterPage.selectState(state);\nregisterPage.selectCity(city);\nregisterPage.enterZipCode(zipcode);\nregisterPage.checkTermsBox();\nregisterPage.clcikSignUpRegistrationButton();\n//cy.get(loc.successRegistrationMessage).should('exist').screenshot(\"Successfull_registration_valid_email\")",
              "err": {},
              "uuid": "77b6eb98-743b-4096-b5ab-909a97f18d8e",
              "parentUUID": "f35de78e-892d-4cae-a877-047e24c94a90",
              "isHook": false,
              "skipped": false
            }
          ],
          "suites": [],
          "passes": [
            "77b6eb98-743b-4096-b5ab-909a97f18d8e"
          ],
          "failures": [],
          "pending": [],
          "skipped": [],
          "duration": 11656,
          "root": false,
          "rootEmpty": false,
          "_timeout": 2000
        }
      ],
      "passes": [],
      "failures": [],
      "pending": [],
      "skipped": [],
      "duration": 0,
      "root": true,
      "rootEmpty": true,
      "_timeout": 2000
    }
  ],
  "meta": {
    "mocha": {
      "version": "7.0.1"
    },
    "mochawesome": {
      "options": {
        "quiet": false,
        "reportFilename": "mochawesome",
        "saveHtml": false,
        "saveJson": true,
        "consoleReporter": "spec",
        "useInlineDiffs": false,
        "code": true
      },
      "version": "7.1.3"
    },
    "marge": {
      "options": {
        "charts": true,
        "overwrite": false,
        "html": false,
        "json": true,
        "reportDir": "cypress/reports/mochawesome-report",
        "reportPageTitle": "Project Frame Report",
        "embeddedScreenshots": true
      },
      "version": "6.2.0"
    }
  }
}