{
  "stats": {
    "suites": 1,
    "tests": 2,
    "passes": 2,
    "pending": 0,
    "failures": 0,
    "start": "2024-04-29T01:12:08.920Z",
    "end": "2024-04-29T01:12:18.582Z",
    "duration": 9662,
    "testsRegistered": 2,
    "passPercent": 100,
    "pendingPercent": 0,
    "other": 0,
    "hasOther": false,
    "skipped": 0,
    "hasSkipped": false
  },
  "results": [
    {
      "uuid": "aa7043bb-9eb3-4919-bbf1-c60bc6ea774c",
      "title": "",
      "fullFile": "cypress/e2e/Login_LogOut.cy.js",
      "file": "cypress/e2e/Login_LogOut.cy.js",
      "beforeHooks": [],
      "afterHooks": [],
      "tests": [],
      "suites": [
        {
          "uuid": "60415cf4-9013-4540-8fb4-f458a0210465",
          "title": "Positive login with valid credantials",
          "fullFile": "",
          "file": "",
          "beforeHooks": [],
          "afterHooks": [],
          "tests": [
            {
              "title": "Valid email and valid password",
              "fullTitle": "Positive login with valid credantials Valid email and valid password",
              "timedOut": null,
              "duration": 5633,
              "state": "passed",
              "speed": "medium",
              "pass": true,
              "fail": false,
              "pending": false,
              "context": "{\n  \"title\": \"cypress-mochawesome-reporter-screenshots\",\n  \"value\": [\n    [\n      \"/Login_LogOut.cy.js/Successfull log IN.png\"\n    ]\n  ]\n}",
              "code": "loginPage.clickLoginSign();\nloginPage.enterLoginUserName(globalUserName);\nloginPage.enterLoginPassword(globalPassword);\nloginPage.clickLoginButton();\ncy.get('legend').contains('My Profile').should('be.visible');\ncy.get('.nav > :nth-child(6) > a').contains('a', ' Welcome Mr. alex_cypress').should('be.visible').screenshot('Successfull log IN');",
              "err": {},
              "uuid": "491c4d74-10be-4ffd-821e-3f5d00c57d3a",
              "parentUUID": "60415cf4-9013-4540-8fb4-f458a0210465",
              "isHook": false,
              "skipped": false
            },
            {
              "title": "Logout aftre login",
              "fullTitle": "Positive login with valid credantials Logout aftre login",
              "timedOut": null,
              "duration": 2967,
              "state": "passed",
              "speed": "fast",
              "pass": true,
              "fail": false,
              "pending": false,
              "context": "{\n  \"title\": \"cypress-mochawesome-reporter-screenshots\",\n  \"value\": [\n    [\n      \"/Login_LogOut.cy.js/Successfull log Out.png\"\n    ]\n  ]\n}",
              "code": "cy.visit('https://www.thetestingworld.com/testings/dashboard.php');\nloginPage.clickLoginSign();\nloginPage.enterLoginUserName(globalUserName);\nloginPage.enterLoginPassword(globalPassword);\nloginPage.clickLoginButton();\nloginPage.clickLogoutButton();\ncy.get(loc.registrationSign).click().screenshot('Successfull log Out');",
              "err": {},
              "uuid": "ccd4b5a7-c4ea-4a00-abdb-7cfc573c6799",
              "parentUUID": "60415cf4-9013-4540-8fb4-f458a0210465",
              "isHook": false,
              "skipped": false
            }
          ],
          "suites": [],
          "passes": [
            "491c4d74-10be-4ffd-821e-3f5d00c57d3a",
            "ccd4b5a7-c4ea-4a00-abdb-7cfc573c6799"
          ],
          "failures": [],
          "pending": [],
          "skipped": [],
          "duration": 8600,
          "root": false,
          "rootEmpty": false,
          "_timeout": 2000
        }
      ],
      "passes": [],
      "failures": [],
      "pending": [],
      "skipped": [],
      "duration": 0,
      "root": true,
      "rootEmpty": true,
      "_timeout": 2000
    }
  ],
  "meta": {
    "mocha": {
      "version": "7.0.1"
    },
    "mochawesome": {
      "options": {
        "quiet": false,
        "reportFilename": "mochawesome",
        "saveHtml": false,
        "saveJson": true,
        "consoleReporter": "spec",
        "useInlineDiffs": false,
        "code": true
      },
      "version": "7.1.3"
    },
    "marge": {
      "options": {
        "charts": true,
        "overwrite": false,
        "html": false,
        "json": true,
        "reportDir": "cypress/reports/mochawesome-report",
        "reportPageTitle": "Project Frame Report",
        "embeddedScreenshots": true
      },
      "version": "6.2.0"
    }
  }
}