{
  "stats": {
    "suites": 1,
    "tests": 2,
    "passes": 2,
    "pending": 0,
    "failures": 0,
    "start": "2024-04-28T06:31:22.490Z",
    "end": "2024-04-28T06:31:32.546Z",
    "duration": 10056,
    "testsRegistered": 2,
    "passPercent": 100,
    "pendingPercent": 0,
    "other": 0,
    "hasOther": false,
    "skipped": 0,
    "hasSkipped": false
  },
  "results": [
    {
      "uuid": "b5312835-7198-4f0e-a709-e5680c16a6e5",
      "title": "",
      "fullFile": "cypress/e2e/Login_LogOut.cy.js",
      "file": "cypress/e2e/Login_LogOut.cy.js",
      "beforeHooks": [],
      "afterHooks": [],
      "tests": [],
      "suites": [
        {
          "uuid": "0ec0a44e-cfd1-4172-9cd8-519eeaf6e8eb",
          "title": "Positive login with valid credantials",
          "fullFile": "",
          "file": "",
          "beforeHooks": [],
          "afterHooks": [],
          "tests": [
            {
              "title": "Valid email and valid password",
              "fullTitle": "Positive login with valid credantials Valid email and valid password",
              "timedOut": null,
              "duration": 5948,
              "state": "passed",
              "speed": "medium",
              "pass": true,
              "fail": false,
              "pending": false,
              "context": "{\n  \"title\": \"cypress-mochawesome-reporter-screenshots\",\n  \"value\": [\n    [\n      \"/Login_LogOut.cy.js/Successfull log IN.png\"\n    ]\n  ]\n}",
              "code": "loginPage.clickLoginSign();\nloginPage.enterLoginUserName(globalUserName);\nloginPage.enterLoginPassword(globalPassword);\nloginPage.clickLoginButton();\ncy.get('legend').contains('My Profile').should('be.visible');\ncy.get('.nav > :nth-child(6) > a').contains('a', ' Welcome Mr. alex_cypress').should('be.visible').screenshot('Successfull log IN');",
              "err": {},
              "uuid": "538c4d2b-1035-4554-8b6b-a0c6707e2770",
              "parentUUID": "0ec0a44e-cfd1-4172-9cd8-519eeaf6e8eb",
              "isHook": false,
              "skipped": false
            },
            {
              "title": "Logout aftre login",
              "fullTitle": "Positive login with valid credantials Logout aftre login",
              "timedOut": null,
              "duration": 3041,
              "state": "passed",
              "speed": "fast",
              "pass": true,
              "fail": false,
              "pending": false,
              "context": "{\n  \"title\": \"cypress-mochawesome-reporter-screenshots\",\n  \"value\": [\n    [\n      \"/Login_LogOut.cy.js/Successfull log Out.png\"\n    ]\n  ]\n}",
              "code": "cy.visit('https://www.thetestingworld.com/testings/dashboard.php');\nloginPage.clickLoginSign();\nloginPage.enterLoginUserName(globalUserName);\nloginPage.enterLoginPassword(globalPassword);\nloginPage.clickLoginButton();\nloginPage.clickLogoutButton();\ncy.get(loc.registrationSign).click().screenshot('Successfull log Out');",
              "err": {},
              "uuid": "16d593f4-96fa-43fa-9b47-ae6bc98a5c42",
              "parentUUID": "0ec0a44e-cfd1-4172-9cd8-519eeaf6e8eb",
              "isHook": false,
              "skipped": false
            }
          ],
          "suites": [],
          "passes": [
            "538c4d2b-1035-4554-8b6b-a0c6707e2770",
            "16d593f4-96fa-43fa-9b47-ae6bc98a5c42"
          ],
          "failures": [],
          "pending": [],
          "skipped": [],
          "duration": 8989,
          "root": false,
          "rootEmpty": false,
          "_timeout": 2000
        }
      ],
      "passes": [],
      "failures": [],
      "pending": [],
      "skipped": [],
      "duration": 0,
      "root": true,
      "rootEmpty": true,
      "_timeout": 2000
    }
  ],
  "meta": {
    "mocha": {
      "version": "7.0.1"
    },
    "mochawesome": {
      "options": {
        "quiet": false,
        "reportFilename": "mochawesome",
        "saveHtml": false,
        "saveJson": true,
        "consoleReporter": "spec",
        "useInlineDiffs": false,
        "code": true
      },
      "version": "7.1.3"
    },
    "marge": {
      "options": {
        "charts": true,
        "overwrite": false,
        "html": false,
        "json": true,
        "reportDir": "cypress/reports/mochawesome-report",
        "reportPageTitle": "Project Frame Report",
        "embeddedScreenshots": true
      },
      "version": "6.2.0"
    }
  }
}