{
  "stats": {
    "suites": 1,
    "tests": 1,
    "passes": 1,
    "pending": 0,
    "failures": 0,
    "start": "2024-04-29T03:04:27.427Z",
    "end": "2024-04-29T03:04:42.075Z",
    "duration": 14648,
    "testsRegistered": 1,
    "passPercent": 100,
    "pendingPercent": 0,
    "other": 0,
    "hasOther": false,
    "skipped": 0,
    "hasSkipped": false
  },
  "results": [
    {
      "uuid": "b86b44ef-db21-4f98-9680-9cd281d68497",
      "title": "",
      "fullFile": "cypress/e2e/Registration_random.cy.js",
      "file": "cypress/e2e/Registration_random.cy.js",
      "beforeHooks": [],
      "afterHooks": [],
      "tests": [],
      "suites": [
        {
          "uuid": "546f57f6-6228-421d-b7db-e4963c2f475a",
          "title": "Registration-Positive",
          "fullFile": "",
          "file": "",
          "beforeHooks": [],
          "afterHooks": [],
          "tests": [
            {
              "title": "Fill out registartion form",
              "fullTitle": "Registration-Positive Fill out registartion form",
              "timedOut": null,
              "duration": 11361,
              "state": "passed",
              "speed": "slow",
              "pass": true,
              "fail": false,
              "pending": false,
              "context": null,
              "code": "registerPage.enterUserName(randomName);\nregisterPage.enterEmail(randomEmail);\nregisterPage.enterPassword(randomPassword);\nregisterPage.enterPasswordConfirm(randomPassword);\nregisterPage.enterDateOfBirth();\nregisterPage.enterPhoneNumber(randomPhone);\nregisterPage.enterAddress(randomAddress);\nregisterPage.selectAddressType();\nregisterPage.selectGenderMale();\nregisterPage.selectCountry(country);\nregisterPage.selectState(state);\nregisterPage.selectCity(city);\nregisterPage.enterZipCode(randomZipCode);\nregisterPage.checkTermsBox();",
              "err": {},
              "uuid": "affdaff7-b652-4d48-a648-7b7d227ecd7b",
              "parentUUID": "546f57f6-6228-421d-b7db-e4963c2f475a",
              "isHook": false,
              "skipped": false
            }
          ],
          "suites": [],
          "passes": [
            "affdaff7-b652-4d48-a648-7b7d227ecd7b"
          ],
          "failures": [],
          "pending": [],
          "skipped": [],
          "duration": 11361,
          "root": false,
          "rootEmpty": false,
          "_timeout": 2000
        }
      ],
      "passes": [],
      "failures": [],
      "pending": [],
      "skipped": [],
      "duration": 0,
      "root": true,
      "rootEmpty": true,
      "_timeout": 2000
    }
  ],
  "meta": {
    "mocha": {
      "version": "7.0.1"
    },
    "mochawesome": {
      "options": {
        "quiet": false,
        "reportFilename": "mochawesome",
        "saveHtml": false,
        "saveJson": true,
        "consoleReporter": "spec",
        "useInlineDiffs": false,
        "code": true
      },
      "version": "7.1.3"
    },
    "marge": {
      "options": {
        "charts": true,
        "overwrite": false,
        "html": false,
        "json": true,
        "reportDir": "cypress/reports/mochawesome-report",
        "reportPageTitle": "Project Frame Report",
        "embeddedScreenshots": true
      },
      "version": "6.2.0"
    }
  }
}