{
  "stats": {
    "suites": 1,
    "tests": 4,
    "passes": 1,
    "pending": 0,
    "failures": 3,
    "start": "2024-04-29T01:11:52.955Z",
    "end": "2024-04-29T01:12:07.962Z",
    "duration": 15007,
    "testsRegistered": 4,
    "passPercent": 25,
    "pendingPercent": 0,
    "other": 0,
    "hasOther": false,
    "skipped": 0,
    "hasSkipped": false
  },
  "results": [
    {
      "uuid": "ce3e4f78-7481-475c-8767-53c80f2ac2da",
      "title": "",
      "fullFile": "cypress/e2e/File_upload.cy.js",
      "file": "cypress/e2e/File_upload.cy.js",
      "beforeHooks": [],
      "afterHooks": [],
      "tests": [],
      "suites": [
        {
          "uuid": "71242cf9-faae-430d-9808-fe392081a75b",
          "title": "File uploads",
          "fullFile": "",
          "file": "",
          "beforeHooks": [],
          "afterHooks": [],
          "tests": [
            {
              "title": "Upload file from my mac dir",
              "fullTitle": "File uploads Upload file from my mac dir",
              "timedOut": null,
              "duration": 214,
              "state": "failed",
              "speed": null,
              "pass": false,
              "fail": true,
              "pending": false,
              "context": "{\n  \"title\": \"cypress-mochawesome-reporter-screenshots\",\n  \"value\": [\n    [\n      \"/File_upload.cy.js/File uploads -- Upload file from my mac dir (failed).png\"\n    ]\n  ]\n}",
              "code": "loginPage.loginPositive();\nprofilePage.clickChooseFileButton();\nprofilePage.clickUploadFileButton();\nprofilePage.checkMessageFileUploaded().screenshot('File uploaded success message');",
              "err": {
                "message": "TypeError: Cannot read properties of undefined (reading 'screenshot')",
                "estack": "TypeError: Cannot read properties of undefined (reading 'screenshot')\n    at Context.eval (webpack://cyppress_recall/./cypress/e2e/File_upload.cy.js:15:47)",
                "diff": null
              },
              "uuid": "c4768af9-e99c-4e68-b027-5201f4ee89a8",
              "parentUUID": "71242cf9-faae-430d-9808-fe392081a75b",
              "isHook": false,
              "skipped": false
            },
            {
              "title": "Upload profile image",
              "fullTitle": "File uploads Upload profile image",
              "timedOut": null,
              "duration": 174,
              "state": "failed",
              "speed": null,
              "pass": false,
              "fail": true,
              "pending": false,
              "context": "{\n  \"title\": \"cypress-mochawesome-reporter-screenshots\",\n  \"value\": [\n    [\n      \"/File_upload.cy.js/File uploads -- Upload profile image (failed).png\"\n    ]\n  ]\n}",
              "code": "loginPage.loginPositive();\nprofilePage.clickChooseProfileImage1Button();\nprofilePage.clickUploadProfileButton();\ncy.wait(8000);\nprofilePage.checkMessageImageExist().screenshot('Image already exist message');",
              "err": {
                "message": "TypeError: Cannot read properties of undefined (reading 'screenshot')",
                "estack": "TypeError: Cannot read properties of undefined (reading 'screenshot')\n    at Context.eval (webpack://cyppress_recall/./cypress/e2e/File_upload.cy.js:23:45)",
                "diff": null
              },
              "uuid": "bccc3b6c-86b4-47b7-b2ad-e916d1ab4eda",
              "parentUUID": "71242cf9-faae-430d-9808-fe392081a75b",
              "isHook": false,
              "skipped": false
            },
            {
              "title": "Error to check correct message for uploading the same image",
              "fullTitle": "File uploads Error to check correct message for uploading the same image",
              "timedOut": null,
              "duration": 13284,
              "state": "passed",
              "speed": "slow",
              "pass": true,
              "fail": false,
              "pending": false,
              "context": null,
              "code": "loginPage.loginPositive();\nprofilePage.clickChooseProfileImage1Button();\nprofilePage.clickUploadProfileButton();\ncy.wait(8000);\nprofilePage.checkMessageImageExist();",
              "err": {},
              "uuid": "b66c0f1b-fee9-45dc-9e91-96848f6d8c4f",
              "parentUUID": "71242cf9-faae-430d-9808-fe392081a75b",
              "isHook": false,
              "skipped": false
            },
            {
              "title": "Upload unsupported file",
              "fullTitle": "File uploads Upload unsupported file",
              "timedOut": null,
              "duration": 164,
              "state": "failed",
              "speed": null,
              "pass": false,
              "fail": true,
              "pending": false,
              "context": "{\n  \"title\": \"cypress-mochawesome-reporter-screenshots\",\n  \"value\": [\n    [\n      \"/File_upload.cy.js/File uploads -- Upload unsupported file (failed).png\"\n    ]\n  ]\n}",
              "code": "loginPage.loginPositive();\nprofilePage.uploadUnsuportedFileToImage();\nprofilePage.selectedWrongImageMessage();\nprofilePage.clickUploadProfileButton();\ncy.wait(7000);\nprofilePage.uploadedUnsupportedFileFormatMessage().screenshot('File not supported');",
              "err": {
                "message": "TypeError: Cannot read properties of undefined (reading 'screenshot')",
                "estack": "TypeError: Cannot read properties of undefined (reading 'screenshot')\n    at Context.eval (webpack://cyppress_recall/./cypress/e2e/File_upload.cy.js:40:59)",
                "diff": null
              },
              "uuid": "614c3c14-d280-4625-9dbe-d7cd98822967",
              "parentUUID": "71242cf9-faae-430d-9808-fe392081a75b",
              "isHook": false,
              "skipped": false
            }
          ],
          "suites": [],
          "passes": [
            "b66c0f1b-fee9-45dc-9e91-96848f6d8c4f"
          ],
          "failures": [
            "c4768af9-e99c-4e68-b027-5201f4ee89a8",
            "bccc3b6c-86b4-47b7-b2ad-e916d1ab4eda",
            "614c3c14-d280-4625-9dbe-d7cd98822967"
          ],
          "pending": [],
          "skipped": [],
          "duration": 13836,
          "root": false,
          "rootEmpty": false,
          "_timeout": 2000
        }
      ],
      "passes": [],
      "failures": [],
      "pending": [],
      "skipped": [],
      "duration": 0,
      "root": true,
      "rootEmpty": true,
      "_timeout": 2000
    }
  ],
  "meta": {
    "mocha": {
      "version": "7.0.1"
    },
    "mochawesome": {
      "options": {
        "quiet": false,
        "reportFilename": "mochawesome",
        "saveHtml": false,
        "saveJson": true,
        "consoleReporter": "spec",
        "useInlineDiffs": false,
        "code": true
      },
      "version": "7.1.3"
    },
    "marge": {
      "options": {
        "charts": true,
        "overwrite": false,
        "html": false,
        "json": true,
        "reportDir": "cypress/reports/mochawesome-report",
        "reportPageTitle": "Project Frame Report",
        "embeddedScreenshots": true
      },
      "version": "6.2.0"
    }
  }
}