{
  "stats": {
    "suites": 1,
    "tests": 2,
    "passes": 2,
    "pending": 0,
    "failures": 0,
    "start": "2024-04-29T01:12:19.500Z",
    "end": "2024-04-29T01:12:19.607Z",
    "duration": 107,
    "testsRegistered": 2,
    "passPercent": 100,
    "pendingPercent": 0,
    "other": 0,
    "hasOther": false,
    "skipped": 0,
    "hasSkipped": false
  },
  "results": [
    {
      "uuid": "00413958-b2bd-45f3-aaad-7fec0b723fdd",
      "title": "",
      "fullFile": "cypress/e2e/Read_file.cy.js",
      "file": "cypress/e2e/Read_file.cy.js",
      "beforeHooks": [],
      "afterHooks": [],
      "tests": [],
      "suites": [
        {
          "uuid": "c257f0a5-c422-4583-b385-c0e7c685d914",
          "title": "Read file",
          "fullFile": "",
          "file": "",
          "beforeHooks": [],
          "afterHooks": [],
          "tests": [
            {
              "title": "Read text file from project",
              "fullTitle": "Read file Read text file from project",
              "timedOut": null,
              "duration": 50,
              "state": "passed",
              "speed": "fast",
              "pass": true,
              "fail": false,
              "pending": false,
              "context": null,
              "code": "cy.readFile('cypress/fixtures/text_to_read.txt').should('contain', 'Lorem Ipsum is simply dummy text');",
              "err": {},
              "uuid": "0ffc755d-999a-404a-902b-7b3c488744c1",
              "parentUUID": "c257f0a5-c422-4583-b385-c0e7c685d914",
              "isHook": false,
              "skipped": false
            },
            {
              "title": "Read a file from my mac",
              "fullTitle": "Read file Read a file from my mac",
              "timedOut": null,
              "duration": 24,
              "state": "passed",
              "speed": "fast",
              "pass": true,
              "fail": false,
              "pending": false,
              "context": null,
              "code": "cy.readFile('/Users/alex/Documents/Files_for_cyppress_recall/read_file_from_mac.txt').should('contain', 'It is a long established fact that a reader');",
              "err": {},
              "uuid": "3d8e7d02-b9a9-4c71-a035-76251d2e3cdf",
              "parentUUID": "c257f0a5-c422-4583-b385-c0e7c685d914",
              "isHook": false,
              "skipped": false
            }
          ],
          "suites": [],
          "passes": [
            "0ffc755d-999a-404a-902b-7b3c488744c1",
            "3d8e7d02-b9a9-4c71-a035-76251d2e3cdf"
          ],
          "failures": [],
          "pending": [],
          "skipped": [],
          "duration": 74,
          "root": false,
          "rootEmpty": false,
          "_timeout": 2000
        }
      ],
      "passes": [],
      "failures": [],
      "pending": [],
      "skipped": [],
      "duration": 0,
      "root": true,
      "rootEmpty": true,
      "_timeout": 2000
    }
  ],
  "meta": {
    "mocha": {
      "version": "7.0.1"
    },
    "mochawesome": {
      "options": {
        "quiet": false,
        "reportFilename": "mochawesome",
        "saveHtml": false,
        "saveJson": true,
        "consoleReporter": "spec",
        "useInlineDiffs": false,
        "code": true
      },
      "version": "7.1.3"
    },
    "marge": {
      "options": {
        "charts": true,
        "overwrite": false,
        "html": false,
        "json": true,
        "reportDir": "cypress/reports/mochawesome-report",
        "reportPageTitle": "Project Frame Report",
        "embeddedScreenshots": true
      },
      "version": "6.2.0"
    }
  }
}