{
  "stats": {
    "suites": 1,
    "tests": 1,
    "passes": 0,
    "pending": 0,
    "failures": 1,
    "start": "2024-04-28T20:49:05.596Z",
    "end": "2024-04-28T20:49:05.854Z",
    "duration": 258,
    "testsRegistered": 1,
    "passPercent": 0,
    "pendingPercent": 0,
    "other": 0,
    "hasOther": false,
    "skipped": 0,
    "hasSkipped": false
  },
  "results": [
    {
      "uuid": "ff06e31b-90d3-425e-9c38-8459d5453cad",
      "title": "",
      "fullFile": "cypress/e2e/Add_new_customer.cy.js",
      "file": "cypress/e2e/Add_new_customer.cy.js",
      "beforeHooks": [],
      "afterHooks": [],
      "tests": [],
      "suites": [
        {
          "uuid": "c888ef84-6094-4b12-aafa-df77a03c9348",
          "title": "Add new customer",
          "fullFile": "",
          "file": "",
          "beforeHooks": [],
          "afterHooks": [],
          "tests": [
            {
              "title": "New customer from fake",
              "fullTitle": "Add new customer New customer from fake",
              "timedOut": null,
              "duration": 222,
              "state": "failed",
              "speed": null,
              "pass": false,
              "fail": true,
              "pending": false,
              "context": "{\n  \"title\": \"cypress-mochawesome-reporter-screenshots\",\n  \"value\": [\n    [\n      \"/Add_new_customer.cy.js/Add new customer -- New customer from fake (failed).png\"\n    ]\n  ]\n}",
              "code": "loginPage.loginPositive();",
              "err": {
                "message": "ReferenceError: loginPage is not defined",
                "estack": "ReferenceError: loginPage is not defined\n    at Context.eval (webpack://cyppress_recall/./cypress/e2e/Add_new_customer.cy.js:7:8)",
                "diff": null
              },
              "uuid": "83c5fc90-2dcb-4c88-8509-bef03331baf5",
              "parentUUID": "c888ef84-6094-4b12-aafa-df77a03c9348",
              "isHook": false,
              "skipped": false
            }
          ],
          "suites": [],
          "passes": [],
          "failures": [
            "83c5fc90-2dcb-4c88-8509-bef03331baf5"
          ],
          "pending": [],
          "skipped": [],
          "duration": 222,
          "root": false,
          "rootEmpty": false,
          "_timeout": 2000
        }
      ],
      "passes": [],
      "failures": [],
      "pending": [],
      "skipped": [],
      "duration": 0,
      "root": true,
      "rootEmpty": true,
      "_timeout": 2000
    }
  ],
  "meta": {
    "mocha": {
      "version": "7.0.1"
    },
    "mochawesome": {
      "options": {
        "quiet": false,
        "reportFilename": "mochawesome",
        "saveHtml": false,
        "saveJson": true,
        "consoleReporter": "spec",
        "useInlineDiffs": false,
        "code": true
      },
      "version": "7.1.3"
    },
    "marge": {
      "options": {
        "charts": true,
        "overwrite": false,
        "html": false,
        "json": true,
        "reportDir": "cypress/reports/mochawesome-report",
        "reportPageTitle": "Project Frame Report",
        "embeddedScreenshots": true
      },
      "version": "6.2.0"
    }
  }
}