{
  "stats": {
    "suites": 1,
    "tests": 1,
    "passes": 1,
    "pending": 0,
    "failures": 0,
    "start": "2024-04-29T03:03:12.520Z",
    "end": "2024-04-29T03:03:20.140Z",
    "duration": 7620,
    "testsRegistered": 1,
    "passPercent": 100,
    "pendingPercent": 0,
    "other": 0,
    "hasOther": false,
    "skipped": 0,
    "hasSkipped": false
  },
  "results": [
    {
      "uuid": "6e6eb377-d457-417d-83cf-30b6c8fdb69e",
      "title": "",
      "fullFile": "cypress/e2e/Add_new_customer.cy.js",
      "file": "cypress/e2e/Add_new_customer.cy.js",
      "beforeHooks": [],
      "afterHooks": [],
      "tests": [],
      "suites": [
        {
          "uuid": "573f2d3d-85ba-40fe-a903-3b3ca9a8e15e",
          "title": "Add new customer",
          "fullFile": "",
          "file": "",
          "beforeHooks": [],
          "afterHooks": [],
          "tests": [
            {
              "title": "New customer from fake",
              "fullTitle": "Add new customer New customer from fake",
              "timedOut": null,
              "duration": 5968,
              "state": "passed",
              "speed": "medium",
              "pass": true,
              "fail": false,
              "pending": false,
              "context": null,
              "code": "loginPage.loginPositive();\naddCustomer.clickMyAccountDropDown();\naddCustomer.clickAddCustomerDropDownOption();\ncy.get(loc.addCustomerPageTitle).should('contain', 'Add Customer !');",
              "err": {},
              "uuid": "a493e35e-fc71-4d03-8fc2-32f4df807e77",
              "parentUUID": "573f2d3d-85ba-40fe-a903-3b3ca9a8e15e",
              "isHook": false,
              "skipped": false
            }
          ],
          "suites": [],
          "passes": [
            "a493e35e-fc71-4d03-8fc2-32f4df807e77"
          ],
          "failures": [],
          "pending": [],
          "skipped": [],
          "duration": 5968,
          "root": false,
          "rootEmpty": false,
          "_timeout": 2000
        }
      ],
      "passes": [],
      "failures": [],
      "pending": [],
      "skipped": [],
      "duration": 0,
      "root": true,
      "rootEmpty": true,
      "_timeout": 2000
    }
  ],
  "meta": {
    "mocha": {
      "version": "7.0.1"
    },
    "mochawesome": {
      "options": {
        "quiet": false,
        "reportFilename": "mochawesome",
        "saveHtml": false,
        "saveJson": true,
        "consoleReporter": "spec",
        "useInlineDiffs": false,
        "code": true
      },
      "version": "7.1.3"
    },
    "marge": {
      "options": {
        "charts": true,
        "overwrite": false,
        "html": false,
        "json": true,
        "reportDir": "cypress/reports/mochawesome-report",
        "reportPageTitle": "Project Frame Report",
        "embeddedScreenshots": true
      },
      "version": "6.2.0"
    }
  }
}