{
  "stats": {
    "suites": 7,
    "tests": 12,
    "passes": 12,
    "pending": 0,
    "failures": 0,
    "testsRegistered": 12,
    "passPercent": 100,
    "pendingPercent": 0,
    "other": 0,
    "hasOther": false,
    "skipped": 0,
    "hasSkipped": false,
    "start": "2024-04-29T03:03:12.520Z",
    "end": "2024-04-29T03:04:56.137Z",
    "duration": 103617
  },
  "results": [
    {
      "uuid": "6e6eb377-d457-417d-83cf-30b6c8fdb69e",
      "title": "",
      "fullFile": "cypress/e2e/Add_new_customer.cy.js",
      "file": "cypress/e2e/Add_new_customer.cy.js",
      "beforeHooks": [],
      "afterHooks": [],
      "tests": [],
      "suites": [
        {
          "uuid": "573f2d3d-85ba-40fe-a903-3b3ca9a8e15e",
          "title": "Add new customer",
          "fullFile": "",
          "file": "",
          "beforeHooks": [],
          "afterHooks": [],
          "tests": [
            {
              "title": "New customer from fake",
              "fullTitle": "Add new customer New customer from fake",
              "timedOut": null,
              "duration": 5968,
              "state": "passed",
              "speed": "medium",
              "pass": true,
              "fail": false,
              "pending": false,
              "context": null,
              "code": "loginPage.loginPositive();\naddCustomer.clickMyAccountDropDown();\naddCustomer.clickAddCustomerDropDownOption();\ncy.get(loc.addCustomerPageTitle).should('contain', 'Add Customer !');",
              "err": {},
              "uuid": "a493e35e-fc71-4d03-8fc2-32f4df807e77",
              "parentUUID": "573f2d3d-85ba-40fe-a903-3b3ca9a8e15e",
              "isHook": false,
              "skipped": false
            }
          ],
          "suites": [],
          "passes": [
            "a493e35e-fc71-4d03-8fc2-32f4df807e77"
          ],
          "failures": [],
          "pending": [],
          "skipped": [],
          "duration": 5968,
          "root": false,
          "rootEmpty": false,
          "_timeout": 2000
        }
      ],
      "passes": [],
      "failures": [],
      "pending": [],
      "skipped": [],
      "duration": 0,
      "root": true,
      "rootEmpty": true,
      "_timeout": 2000
    },
    {
      "uuid": "3b288c52-b099-49e4-a0f2-0a33f0113290",
      "title": "",
      "fullFile": "cypress/e2e/File_upload.cy.js",
      "file": "cypress/e2e/File_upload.cy.js",
      "beforeHooks": [],
      "afterHooks": [],
      "tests": [],
      "suites": [
        {
          "uuid": "ef1d0644-77ac-4b46-bc41-fc1aa3585878",
          "title": "File uploads",
          "fullFile": "",
          "file": "",
          "beforeHooks": [],
          "afterHooks": [],
          "tests": [
            {
              "title": "Upload file from my mac dir",
              "fullTitle": "File uploads Upload file from my mac dir",
              "timedOut": null,
              "duration": 6659,
              "state": "passed",
              "speed": "medium",
              "pass": true,
              "fail": false,
              "pending": false,
              "context": "{\n  \"title\": \"cypress-mochawesome-reporter-screenshots\",\n  \"value\": [\n    [\n      \"/File_upload.cy.js/File uploaded success message.png\"\n    ]\n  ]\n}",
              "code": "loginPage.loginPositive();\nprofilePage.clickChooseFileButton();\nprofilePage.clickUploadFileButton();\nprofilePage.checkMessageFileUploaded();",
              "err": {},
              "uuid": "9301aeb3-c233-4fde-8895-5361d1f03540",
              "parentUUID": "ef1d0644-77ac-4b46-bc41-fc1aa3585878",
              "isHook": false,
              "skipped": false
            },
            {
              "title": "Upload profile image",
              "fullTitle": "File uploads Upload profile image",
              "timedOut": null,
              "duration": 9803,
              "state": "passed",
              "speed": "medium",
              "pass": true,
              "fail": false,
              "pending": false,
              "context": "{\n  \"title\": \"cypress-mochawesome-reporter-screenshots\",\n  \"value\": [\n    [\n      \"/File_upload.cy.js/Image already exist message.png\"\n    ]\n  ]\n}",
              "code": "loginPage.loginPositive();\nprofilePage.clickChooseProfileImage1Button();\nprofilePage.clickUploadProfileButton();\ncy.wait(8000);\nprofilePage.checkMessageImageExist();",
              "err": {},
              "uuid": "6afc3f2d-dbec-46ed-b56c-96fee59b1ad3",
              "parentUUID": "ef1d0644-77ac-4b46-bc41-fc1aa3585878",
              "isHook": false,
              "skipped": false
            },
            {
              "title": "Error to check correct message for uploading the same image",
              "fullTitle": "File uploads Error to check correct message for uploading the same image",
              "timedOut": null,
              "duration": 10046,
              "state": "passed",
              "speed": "slow",
              "pass": true,
              "fail": false,
              "pending": false,
              "context": "{\n  \"title\": \"cypress-mochawesome-reporter-screenshots\",\n  \"value\": [\n    [\n      \"/File_upload.cy.js/Image already exist message (1).png\"\n    ]\n  ]\n}",
              "code": "loginPage.loginPositive();\nprofilePage.clickChooseProfileImage1Button();\nprofilePage.clickUploadProfileButton();\ncy.wait(8000);\nprofilePage.checkMessageImageExist();",
              "err": {},
              "uuid": "5b06a511-8083-46c6-a373-0fd747e45431",
              "parentUUID": "ef1d0644-77ac-4b46-bc41-fc1aa3585878",
              "isHook": false,
              "skipped": false
            },
            {
              "title": "Upload unsupported file",
              "fullTitle": "File uploads Upload unsupported file",
              "timedOut": null,
              "duration": 9029,
              "state": "passed",
              "speed": "medium",
              "pass": true,
              "fail": false,
              "pending": false,
              "context": "{\n  \"title\": \"cypress-mochawesome-reporter-screenshots\",\n  \"value\": [\n    [\n      \"/File_upload.cy.js/File not supported.png\"\n    ]\n  ]\n}",
              "code": "loginPage.loginPositive();\nprofilePage.uploadUnsuportedFileToImage();\nprofilePage.selectedWrongImageMessage();\nprofilePage.clickUploadProfileButton();\ncy.wait(7000);\nprofilePage.uploadedUnsupportedFileFormatMessage();",
              "err": {},
              "uuid": "92781de1-6ee0-42d7-bb0e-18711aa3fe07",
              "parentUUID": "ef1d0644-77ac-4b46-bc41-fc1aa3585878",
              "isHook": false,
              "skipped": false
            }
          ],
          "suites": [],
          "passes": [
            "9301aeb3-c233-4fde-8895-5361d1f03540",
            "6afc3f2d-dbec-46ed-b56c-96fee59b1ad3",
            "5b06a511-8083-46c6-a373-0fd747e45431",
            "92781de1-6ee0-42d7-bb0e-18711aa3fe07"
          ],
          "failures": [],
          "pending": [],
          "skipped": [],
          "duration": 35537,
          "root": false,
          "rootEmpty": false,
          "_timeout": 2000
        }
      ],
      "passes": [],
      "failures": [],
      "pending": [],
      "skipped": [],
      "duration": 0,
      "root": true,
      "rootEmpty": true,
      "_timeout": 2000
    },
    {
      "uuid": "1ab1a861-e43c-4cd3-b2fe-eb2e9c3f4b96",
      "title": "",
      "fullFile": "cypress/e2e/Login_LogOut.cy.js",
      "file": "cypress/e2e/Login_LogOut.cy.js",
      "beforeHooks": [],
      "afterHooks": [],
      "tests": [],
      "suites": [
        {
          "uuid": "38e92ab1-a75c-4bed-a809-3a0b5102a27c",
          "title": "Positive login with valid credantials",
          "fullFile": "",
          "file": "",
          "beforeHooks": [],
          "afterHooks": [],
          "tests": [
            {
              "title": "Valid email and valid password",
              "fullTitle": "Positive login with valid credantials Valid email and valid password",
              "timedOut": null,
              "duration": 4967,
              "state": "passed",
              "speed": "fast",
              "pass": true,
              "fail": false,
              "pending": false,
              "context": "{\n  \"title\": \"cypress-mochawesome-reporter-screenshots\",\n  \"value\": [\n    [\n      \"/Login_LogOut.cy.js/Successfull log IN.png\"\n    ]\n  ]\n}",
              "code": "loginPage.clickLoginSign();\nloginPage.enterLoginUserName(globalUserName);\nloginPage.enterLoginPassword(globalPassword);\nloginPage.clickLoginButton();\ncy.get('legend').contains('My Profile').should('be.visible');\ncy.get('.nav > :nth-child(6) > a').contains('a', ' Welcome Mr. alex_cypress').should('be.visible').screenshot('Successfull log IN');",
              "err": {},
              "uuid": "84bf064d-46d5-48b0-ab5b-284d59bc81b6",
              "parentUUID": "38e92ab1-a75c-4bed-a809-3a0b5102a27c",
              "isHook": false,
              "skipped": false
            },
            {
              "title": "Logout aftre login",
              "fullTitle": "Positive login with valid credantials Logout aftre login",
              "timedOut": null,
              "duration": 3108,
              "state": "passed",
              "speed": "fast",
              "pass": true,
              "fail": false,
              "pending": false,
              "context": "{\n  \"title\": \"cypress-mochawesome-reporter-screenshots\",\n  \"value\": [\n    [\n      \"/Login_LogOut.cy.js/Successfull log Out.png\"\n    ]\n  ]\n}",
              "code": "cy.visit('https://www.thetestingworld.com/testings/dashboard.php');\nloginPage.clickLoginSign();\nloginPage.enterLoginUserName(globalUserName);\nloginPage.enterLoginPassword(globalPassword);\nloginPage.clickLoginButton();\nloginPage.clickLogoutButton();\ncy.get(loc.registrationSign).click().screenshot('Successfull log Out');",
              "err": {},
              "uuid": "8957376b-c9d1-41bb-b2a3-d593d89f9004",
              "parentUUID": "38e92ab1-a75c-4bed-a809-3a0b5102a27c",
              "isHook": false,
              "skipped": false
            }
          ],
          "suites": [],
          "passes": [
            "84bf064d-46d5-48b0-ab5b-284d59bc81b6",
            "8957376b-c9d1-41bb-b2a3-d593d89f9004"
          ],
          "failures": [],
          "pending": [],
          "skipped": [],
          "duration": 8075,
          "root": false,
          "rootEmpty": false,
          "_timeout": 2000
        }
      ],
      "passes": [],
      "failures": [],
      "pending": [],
      "skipped": [],
      "duration": 0,
      "root": true,
      "rootEmpty": true,
      "_timeout": 2000
    },
    {
      "uuid": "b5dea27f-3fd6-4d42-88c3-9e079f32efbe",
      "title": "",
      "fullFile": "cypress/e2e/Read_file.cy.js",
      "file": "cypress/e2e/Read_file.cy.js",
      "beforeHooks": [],
      "afterHooks": [],
      "tests": [],
      "suites": [
        {
          "uuid": "b565c9ba-7c31-45e9-8ab3-6e7c3279f9de",
          "title": "Read file",
          "fullFile": "",
          "file": "",
          "beforeHooks": [],
          "afterHooks": [],
          "tests": [
            {
              "title": "Read text file from project",
              "fullTitle": "Read file Read text file from project",
              "timedOut": null,
              "duration": 43,
              "state": "passed",
              "speed": "fast",
              "pass": true,
              "fail": false,
              "pending": false,
              "context": null,
              "code": "cy.readFile('cypress/fixtures/text_to_read.txt').should('contain', 'Lorem Ipsum is simply dummy text');",
              "err": {},
              "uuid": "d52e2d26-21c7-45f5-ad64-f16d138c69e4",
              "parentUUID": "b565c9ba-7c31-45e9-8ab3-6e7c3279f9de",
              "isHook": false,
              "skipped": false
            },
            {
              "title": "Read a file from my mac",
              "fullTitle": "Read file Read a file from my mac",
              "timedOut": null,
              "duration": 26,
              "state": "passed",
              "speed": "fast",
              "pass": true,
              "fail": false,
              "pending": false,
              "context": null,
              "code": "cy.readFile('/Users/alex/Documents/Cypress_recall/cypress/fixtures/read_file_from_mac.txt').should('contain', 'It is a long established fact that a reader');",
              "err": {},
              "uuid": "71c21273-89af-44e3-8449-ed7effdc2fa8",
              "parentUUID": "b565c9ba-7c31-45e9-8ab3-6e7c3279f9de",
              "isHook": false,
              "skipped": false
            }
          ],
          "suites": [],
          "passes": [
            "d52e2d26-21c7-45f5-ad64-f16d138c69e4",
            "71c21273-89af-44e3-8449-ed7effdc2fa8"
          ],
          "failures": [],
          "pending": [],
          "skipped": [],
          "duration": 69,
          "root": false,
          "rootEmpty": false,
          "_timeout": 2000
        }
      ],
      "passes": [],
      "failures": [],
      "pending": [],
      "skipped": [],
      "duration": 0,
      "root": true,
      "rootEmpty": true,
      "_timeout": 2000
    },
    {
      "uuid": "d2f80533-51b7-4c74-abd6-894aa56a2eb0",
      "title": "",
      "fullFile": "cypress/e2e/Regestration.cy.js",
      "file": "cypress/e2e/Regestration.cy.js",
      "beforeHooks": [],
      "afterHooks": [],
      "tests": [],
      "suites": [
        {
          "uuid": "f35de78e-892d-4cae-a877-047e24c94a90",
          "title": "Registration-Positive",
          "fullFile": "",
          "file": "",
          "beforeHooks": [],
          "afterHooks": [],
          "tests": [
            {
              "title": "Fill out registartion form",
              "fullTitle": "Registration-Positive Fill out registartion form",
              "timedOut": null,
              "duration": 11656,
              "state": "passed",
              "speed": "slow",
              "pass": true,
              "fail": false,
              "pending": false,
              "context": null,
              "code": "registerPage.clickRegistrationSign();\nregisterPage.enterUserName(globalUserName);\nregisterPage.enterEmail(globalEmail);\nregisterPage.enterPassword(globalPassword);\nregisterPage.enterPasswordConfirm(globalPasswordConfirm);\nregisterPage.enterDateOfBirth();\nregisterPage.enterPhoneNumber(phoneNumber);\nregisterPage.enterAddress(address);\nregisterPage.selectAddressType();\nregisterPage.selectGenderMale();\nregisterPage.selectCountry(country);\nregisterPage.selectState(state);\nregisterPage.selectCity(city);\nregisterPage.enterZipCode(zipcode);\nregisterPage.checkTermsBox();\nregisterPage.clcikSignUpRegistrationButton();\n//cy.get(loc.successRegistrationMessage).should('exist').screenshot(\"Successfull_registration_valid_email\")",
              "err": {},
              "uuid": "77b6eb98-743b-4096-b5ab-909a97f18d8e",
              "parentUUID": "f35de78e-892d-4cae-a877-047e24c94a90",
              "isHook": false,
              "skipped": false
            }
          ],
          "suites": [],
          "passes": [
            "77b6eb98-743b-4096-b5ab-909a97f18d8e"
          ],
          "failures": [],
          "pending": [],
          "skipped": [],
          "duration": 11656,
          "root": false,
          "rootEmpty": false,
          "_timeout": 2000
        }
      ],
      "passes": [],
      "failures": [],
      "pending": [],
      "skipped": [],
      "duration": 0,
      "root": true,
      "rootEmpty": true,
      "_timeout": 2000
    },
    {
      "uuid": "b86b44ef-db21-4f98-9680-9cd281d68497",
      "title": "",
      "fullFile": "cypress/e2e/Registration_random.cy.js",
      "file": "cypress/e2e/Registration_random.cy.js",
      "beforeHooks": [],
      "afterHooks": [],
      "tests": [],
      "suites": [
        {
          "uuid": "546f57f6-6228-421d-b7db-e4963c2f475a",
          "title": "Registration-Positive",
          "fullFile": "",
          "file": "",
          "beforeHooks": [],
          "afterHooks": [],
          "tests": [
            {
              "title": "Fill out registartion form",
              "fullTitle": "Registration-Positive Fill out registartion form",
              "timedOut": null,
              "duration": 11361,
              "state": "passed",
              "speed": "slow",
              "pass": true,
              "fail": false,
              "pending": false,
              "context": null,
              "code": "registerPage.enterUserName(randomName);\nregisterPage.enterEmail(randomEmail);\nregisterPage.enterPassword(randomPassword);\nregisterPage.enterPasswordConfirm(randomPassword);\nregisterPage.enterDateOfBirth();\nregisterPage.enterPhoneNumber(randomPhone);\nregisterPage.enterAddress(randomAddress);\nregisterPage.selectAddressType();\nregisterPage.selectGenderMale();\nregisterPage.selectCountry(country);\nregisterPage.selectState(state);\nregisterPage.selectCity(city);\nregisterPage.enterZipCode(randomZipCode);\nregisterPage.checkTermsBox();",
              "err": {},
              "uuid": "affdaff7-b652-4d48-a648-7b7d227ecd7b",
              "parentUUID": "546f57f6-6228-421d-b7db-e4963c2f475a",
              "isHook": false,
              "skipped": false
            }
          ],
          "suites": [],
          "passes": [
            "affdaff7-b652-4d48-a648-7b7d227ecd7b"
          ],
          "failures": [],
          "pending": [],
          "skipped": [],
          "duration": 11361,
          "root": false,
          "rootEmpty": false,
          "_timeout": 2000
        }
      ],
      "passes": [],
      "failures": [],
      "pending": [],
      "skipped": [],
      "duration": 0,
      "root": true,
      "rootEmpty": true,
      "_timeout": 2000
    },
    {
      "uuid": "d518c6e2-3128-4252-80b7-2973c9a5174c",
      "title": "",
      "fullFile": "cypress/e2e/Registration_with_existing_email.cy.js",
      "file": "cypress/e2e/Registration_with_existing_email.cy.js",
      "beforeHooks": [],
      "afterHooks": [],
      "tests": [],
      "suites": [
        {
          "uuid": "c8dcdfd5-4a0e-4f3f-9124-98a4206ce7dc",
          "title": "Registration-Positive",
          "fullFile": "",
          "file": "",
          "beforeHooks": [],
          "afterHooks": [],
          "tests": [
            {
              "title": "Fill out registartion form",
              "fullTitle": "Registration-Positive Fill out registartion form",
              "timedOut": null,
              "duration": 12087,
              "state": "passed",
              "speed": "slow",
              "pass": true,
              "fail": false,
              "pending": false,
              "context": "{\n  \"title\": \"cypress-mochawesome-reporter-screenshots\",\n  \"value\": [\n    [\n      \"/Registration_with_existing_email.cy.js/Unsuccessfull_login_wrong_email.png\"\n    ]\n  ]\n}",
              "code": "registerPage.enterUserName(userName);\nregisterPage.enterEmail(globalEmail);\nregisterPage.enterPassword(globalPassword);\nregisterPage.enterPasswordConfirm(globalPasswordConfirm);\nregisterPage.enterDateOfBirth();\nregisterPage.enterPhoneNumber(phoneNumber);\nregisterPage.enterAddress(address);\nregisterPage.selectAddressType();\nregisterPage.selectGenderMale();\nregisterPage.selectCountry(country);\nregisterPage.selectState(state);\nregisterPage.selectCity(city);\nregisterPage.enterZipCode(zipcode);\nregisterPage.checkTermsBox();\nregisterPage.clcikSignUpRegistrationButton();\ncy.get(loc.unSuccessRegistrationMessage).should('exist').screenshot(\"Unsuccessfull_login_wrong_email\");",
              "err": {},
              "uuid": "a6e878b5-9b6d-42c3-a2c2-973fa6b55b5c",
              "parentUUID": "c8dcdfd5-4a0e-4f3f-9124-98a4206ce7dc",
              "isHook": false,
              "skipped": false
            }
          ],
          "suites": [],
          "passes": [
            "a6e878b5-9b6d-42c3-a2c2-973fa6b55b5c"
          ],
          "failures": [],
          "pending": [],
          "skipped": [],
          "duration": 12087,
          "root": false,
          "rootEmpty": false,
          "_timeout": 2000
        }
      ],
      "passes": [],
      "failures": [],
      "pending": [],
      "skipped": [],
      "duration": 0,
      "root": true,
      "rootEmpty": true,
      "_timeout": 2000
    }
  ],
  "meta": {
    "mocha": {
      "version": "7.0.1"
    },
    "mochawesome": {
      "options": {
        "quiet": false,
        "reportFilename": "mochawesome",
        "saveHtml": false,
        "saveJson": true,
        "consoleReporter": "spec",
        "useInlineDiffs": false,
        "code": true
      },
      "version": "7.1.3"
    },
    "marge": {
      "options": {
        "charts": true,
        "overwrite": false,
        "html": false,
        "json": true,
        "reportDir": "cypress/reports/mochawesome-report",
        "reportPageTitle": "Project Frame Report",
        "embeddedScreenshots": true
      },
      "version": "6.2.0"
    }
  }
}