{
  "stats": {
    "suites": 6,
    "tests": 11,
    "passes": 11,
    "pending": 0,
    "failures": 0,
    "testsRegistered": 11,
    "passPercent": 100,
    "pendingPercent": 0,
    "other": 0,
    "hasOther": false,
    "skipped": 0,
    "hasSkipped": false,
    "start": "2024-04-28T06:30:24.732Z",
    "end": "2024-04-28T06:32:19.928Z",
    "duration": 115196
  },
  "results": [
    {
      "uuid": "e4ebd135-365c-446b-81d2-a99554f618fe",
      "title": "",
      "fullFile": "cypress/e2e/File_upload.cy.js",
      "file": "cypress/e2e/File_upload.cy.js",
      "beforeHooks": [],
      "afterHooks": [],
      "tests": [],
      "suites": [
        {
          "uuid": "89d96bb3-a247-4b08-9d2d-02ea27272a80",
          "title": "File uploads",
          "fullFile": "",
          "file": "",
          "beforeHooks": [],
          "afterHooks": [],
          "tests": [
            {
              "title": "Upload file from my mac dir",
              "fullTitle": "File uploads Upload file from my mac dir",
              "timedOut": null,
              "duration": 16846,
              "state": "passed",
              "speed": "slow",
              "pass": true,
              "fail": false,
              "pending": false,
              "context": null,
              "code": "loginPage.loginPositive();\nprofilePage.clickChooseFileButton();\nprofilePage.clickUploadFileButton();\nprofilePage.checkMessageFileUploaded();",
              "err": {},
              "uuid": "f02e5f0b-c59c-4147-9595-89798d5b7c1d",
              "parentUUID": "89d96bb3-a247-4b08-9d2d-02ea27272a80",
              "isHook": false,
              "skipped": false
            },
            {
              "title": "Upload profile image",
              "fullTitle": "File uploads Upload profile image",
              "timedOut": null,
              "duration": 11609,
              "state": "passed",
              "speed": "slow",
              "pass": true,
              "fail": false,
              "pending": false,
              "context": null,
              "code": "loginPage.loginPositive();\nprofilePage.clickChooseProfileImage1Button();\nprofilePage.clickUploadProfileButton();\ncy.wait(8000);\nprofilePage.checkMessageImageExist();",
              "err": {},
              "uuid": "d475d329-9f23-468c-a4cc-e68d2fca2330",
              "parentUUID": "89d96bb3-a247-4b08-9d2d-02ea27272a80",
              "isHook": false,
              "skipped": false
            },
            {
              "title": "Error to check correct message for uploading the same image",
              "fullTitle": "File uploads Error to check correct message for uploading the same image",
              "timedOut": null,
              "duration": 13235,
              "state": "passed",
              "speed": "slow",
              "pass": true,
              "fail": false,
              "pending": false,
              "context": null,
              "code": "loginPage.loginPositive();\nprofilePage.clickChooseProfileImage1Button();\nprofilePage.clickUploadProfileButton();\ncy.wait(8000);\nprofilePage.checkMessageImageExist();",
              "err": {},
              "uuid": "dd0ad2cd-e6f5-4673-bba9-ccbc427dffa8",
              "parentUUID": "89d96bb3-a247-4b08-9d2d-02ea27272a80",
              "isHook": false,
              "skipped": false
            },
            {
              "title": "Upload unsupported file",
              "fullTitle": "File uploads Upload unsupported file",
              "timedOut": null,
              "duration": 9289,
              "state": "passed",
              "speed": "medium",
              "pass": true,
              "fail": false,
              "pending": false,
              "context": null,
              "code": "loginPage.loginPositive();\nprofilePage.uploadUnsuportedFileToImage();\nprofilePage.selectedWrongImageMessage();\nprofilePage.clickUploadProfileButton();\ncy.wait(7000);\nprofilePage.uploadedUnsupportedFileFormatMessage();",
              "err": {},
              "uuid": "5f333765-b32d-4172-b09d-780a5e95bb30",
              "parentUUID": "89d96bb3-a247-4b08-9d2d-02ea27272a80",
              "isHook": false,
              "skipped": false
            }
          ],
          "suites": [],
          "passes": [
            "f02e5f0b-c59c-4147-9595-89798d5b7c1d",
            "d475d329-9f23-468c-a4cc-e68d2fca2330",
            "dd0ad2cd-e6f5-4673-bba9-ccbc427dffa8",
            "5f333765-b32d-4172-b09d-780a5e95bb30"
          ],
          "failures": [],
          "pending": [],
          "skipped": [],
          "duration": 50979,
          "root": false,
          "rootEmpty": false,
          "_timeout": 2000
        }
      ],
      "passes": [],
      "failures": [],
      "pending": [],
      "skipped": [],
      "duration": 0,
      "root": true,
      "rootEmpty": true,
      "_timeout": 2000
    },
    {
      "uuid": "b5312835-7198-4f0e-a709-e5680c16a6e5",
      "title": "",
      "fullFile": "cypress/e2e/Login_LogOut.cy.js",
      "file": "cypress/e2e/Login_LogOut.cy.js",
      "beforeHooks": [],
      "afterHooks": [],
      "tests": [],
      "suites": [
        {
          "uuid": "0ec0a44e-cfd1-4172-9cd8-519eeaf6e8eb",
          "title": "Positive login with valid credantials",
          "fullFile": "",
          "file": "",
          "beforeHooks": [],
          "afterHooks": [],
          "tests": [
            {
              "title": "Valid email and valid password",
              "fullTitle": "Positive login with valid credantials Valid email and valid password",
              "timedOut": null,
              "duration": 5948,
              "state": "passed",
              "speed": "medium",
              "pass": true,
              "fail": false,
              "pending": false,
              "context": "{\n  \"title\": \"cypress-mochawesome-reporter-screenshots\",\n  \"value\": [\n    [\n      \"/Login_LogOut.cy.js/Successfull log IN.png\"\n    ]\n  ]\n}",
              "code": "loginPage.clickLoginSign();\nloginPage.enterLoginUserName(globalUserName);\nloginPage.enterLoginPassword(globalPassword);\nloginPage.clickLoginButton();\ncy.get('legend').contains('My Profile').should('be.visible');\ncy.get('.nav > :nth-child(6) > a').contains('a', ' Welcome Mr. alex_cypress').should('be.visible').screenshot('Successfull log IN');",
              "err": {},
              "uuid": "538c4d2b-1035-4554-8b6b-a0c6707e2770",
              "parentUUID": "0ec0a44e-cfd1-4172-9cd8-519eeaf6e8eb",
              "isHook": false,
              "skipped": false
            },
            {
              "title": "Logout aftre login",
              "fullTitle": "Positive login with valid credantials Logout aftre login",
              "timedOut": null,
              "duration": 3041,
              "state": "passed",
              "speed": "fast",
              "pass": true,
              "fail": false,
              "pending": false,
              "context": "{\n  \"title\": \"cypress-mochawesome-reporter-screenshots\",\n  \"value\": [\n    [\n      \"/Login_LogOut.cy.js/Successfull log Out.png\"\n    ]\n  ]\n}",
              "code": "cy.visit('https://www.thetestingworld.com/testings/dashboard.php');\nloginPage.clickLoginSign();\nloginPage.enterLoginUserName(globalUserName);\nloginPage.enterLoginPassword(globalPassword);\nloginPage.clickLoginButton();\nloginPage.clickLogoutButton();\ncy.get(loc.registrationSign).click().screenshot('Successfull log Out');",
              "err": {},
              "uuid": "16d593f4-96fa-43fa-9b47-ae6bc98a5c42",
              "parentUUID": "0ec0a44e-cfd1-4172-9cd8-519eeaf6e8eb",
              "isHook": false,
              "skipped": false
            }
          ],
          "suites": [],
          "passes": [
            "538c4d2b-1035-4554-8b6b-a0c6707e2770",
            "16d593f4-96fa-43fa-9b47-ae6bc98a5c42"
          ],
          "failures": [],
          "pending": [],
          "skipped": [],
          "duration": 8989,
          "root": false,
          "rootEmpty": false,
          "_timeout": 2000
        }
      ],
      "passes": [],
      "failures": [],
      "pending": [],
      "skipped": [],
      "duration": 0,
      "root": true,
      "rootEmpty": true,
      "_timeout": 2000
    },
    {
      "uuid": "223b6387-c72b-4cfa-af6d-d7cbd8fc726f",
      "title": "",
      "fullFile": "cypress/e2e/Read_file.cy.js",
      "file": "cypress/e2e/Read_file.cy.js",
      "beforeHooks": [],
      "afterHooks": [],
      "tests": [],
      "suites": [
        {
          "uuid": "7fd31437-58fd-4152-b19c-019232a3fabc",
          "title": "Read file",
          "fullFile": "",
          "file": "",
          "beforeHooks": [],
          "afterHooks": [],
          "tests": [
            {
              "title": "Read text file from project",
              "fullTitle": "Read file Read text file from project",
              "timedOut": null,
              "duration": 45,
              "state": "passed",
              "speed": "fast",
              "pass": true,
              "fail": false,
              "pending": false,
              "context": null,
              "code": "cy.readFile('cypress/fixtures/text_to_read.txt').should('contain', 'Lorem Ipsum is simply dummy text');",
              "err": {},
              "uuid": "9253a4bf-e364-49d3-b6ce-114de2f46d20",
              "parentUUID": "7fd31437-58fd-4152-b19c-019232a3fabc",
              "isHook": false,
              "skipped": false
            },
            {
              "title": "Read a file from my mac",
              "fullTitle": "Read file Read a file from my mac",
              "timedOut": null,
              "duration": 24,
              "state": "passed",
              "speed": "fast",
              "pass": true,
              "fail": false,
              "pending": false,
              "context": null,
              "code": "cy.readFile('/Users/alex/Documents/Files_for_cyppress_recall/read_file_from_mac.txt').should('contain', 'It is a long established fact that a reader');",
              "err": {},
              "uuid": "8bc0731c-51f3-4c58-92a2-674a8a2fa555",
              "parentUUID": "7fd31437-58fd-4152-b19c-019232a3fabc",
              "isHook": false,
              "skipped": false
            }
          ],
          "suites": [],
          "passes": [
            "9253a4bf-e364-49d3-b6ce-114de2f46d20",
            "8bc0731c-51f3-4c58-92a2-674a8a2fa555"
          ],
          "failures": [],
          "pending": [],
          "skipped": [],
          "duration": 69,
          "root": false,
          "rootEmpty": false,
          "_timeout": 2000
        }
      ],
      "passes": [],
      "failures": [],
      "pending": [],
      "skipped": [],
      "duration": 0,
      "root": true,
      "rootEmpty": true,
      "_timeout": 2000
    },
    {
      "uuid": "671f2dcd-5395-4f9e-8965-6c9194207d06",
      "title": "",
      "fullFile": "cypress/e2e/Regestration.cy.js",
      "file": "cypress/e2e/Regestration.cy.js",
      "beforeHooks": [],
      "afterHooks": [],
      "tests": [],
      "suites": [
        {
          "uuid": "bc6df1f9-af75-4b0c-813a-ec94acf966d7",
          "title": "Registration-Positive",
          "fullFile": "",
          "file": "",
          "beforeHooks": [],
          "afterHooks": [],
          "tests": [
            {
              "title": "Fill out registartion form",
              "fullTitle": "Registration-Positive Fill out registartion form",
              "timedOut": null,
              "duration": 11575,
              "state": "passed",
              "speed": "slow",
              "pass": true,
              "fail": false,
              "pending": false,
              "context": null,
              "code": "registerPage.clickRegistrationSign();\nregisterPage.enterUserName(globalUserName);\nregisterPage.enterEmail(globalEmail);\nregisterPage.enterPassword(globalPassword);\nregisterPage.enterPasswordConfirm(globalPasswordConfirm);\nregisterPage.enterDateOfBirth();\nregisterPage.enterPhoneNumber(phoneNumber);\nregisterPage.enterAddress(address);\nregisterPage.selectAddressType();\nregisterPage.selectGenderMale();\nregisterPage.selectCountry(country);\nregisterPage.selectState(state);\nregisterPage.selectCity(city);\nregisterPage.enterZipCode(zipcode);\nregisterPage.checkTermsBox();\nregisterPage.clcikSignUpRegistrationButton();\n//cy.get(loc.successRegistrationMessage).should('exist').screenshot(\"Successfull_registration_valid_email\")",
              "err": {},
              "uuid": "8650162d-1ad5-4e66-9205-4a39b352b1fe",
              "parentUUID": "bc6df1f9-af75-4b0c-813a-ec94acf966d7",
              "isHook": false,
              "skipped": false
            }
          ],
          "suites": [],
          "passes": [
            "8650162d-1ad5-4e66-9205-4a39b352b1fe"
          ],
          "failures": [],
          "pending": [],
          "skipped": [],
          "duration": 11575,
          "root": false,
          "rootEmpty": false,
          "_timeout": 2000
        }
      ],
      "passes": [],
      "failures": [],
      "pending": [],
      "skipped": [],
      "duration": 0,
      "root": true,
      "rootEmpty": true,
      "_timeout": 2000
    },
    {
      "uuid": "c03bec44-969d-4377-b56b-4cbbe95b000f",
      "title": "",
      "fullFile": "cypress/e2e/Registration_random.cy.js",
      "file": "cypress/e2e/Registration_random.cy.js",
      "beforeHooks": [],
      "afterHooks": [],
      "tests": [],
      "suites": [
        {
          "uuid": "fbdbc905-6912-423f-9ab2-5e5ae86fc3a5",
          "title": "Registration-Positive",
          "fullFile": "",
          "file": "",
          "beforeHooks": [],
          "afterHooks": [],
          "tests": [
            {
              "title": "Fill out registartion form",
              "fullTitle": "Registration-Positive Fill out registartion form",
              "timedOut": null,
              "duration": 11002,
              "state": "passed",
              "speed": "slow",
              "pass": true,
              "fail": false,
              "pending": false,
              "context": null,
              "code": "registerPage.enterUserName(randomName);\nregisterPage.enterEmail(randomEmail);\nregisterPage.enterPassword(randomPassword);\nregisterPage.enterPasswordConfirm(randomPassword);\nregisterPage.enterDateOfBirth();\nregisterPage.enterPhoneNumber(randomPhone);\nregisterPage.enterAddress(randomAddress);\nregisterPage.selectAddressType();\nregisterPage.selectGenderMale();\nregisterPage.selectCountry(country);\nregisterPage.selectState(state);\nregisterPage.selectCity(city);\nregisterPage.enterZipCode(randomZipCode);\nregisterPage.checkTermsBox();",
              "err": {},
              "uuid": "a476a2dc-1075-4315-b90f-41aba4a89e85",
              "parentUUID": "fbdbc905-6912-423f-9ab2-5e5ae86fc3a5",
              "isHook": false,
              "skipped": false
            }
          ],
          "suites": [],
          "passes": [
            "a476a2dc-1075-4315-b90f-41aba4a89e85"
          ],
          "failures": [],
          "pending": [],
          "skipped": [],
          "duration": 11002,
          "root": false,
          "rootEmpty": false,
          "_timeout": 2000
        }
      ],
      "passes": [],
      "failures": [],
      "pending": [],
      "skipped": [],
      "duration": 0,
      "root": true,
      "rootEmpty": true,
      "_timeout": 2000
    },
    {
      "uuid": "66574e2e-57af-4fad-9745-63c0b010729d",
      "title": "",
      "fullFile": "cypress/e2e/Registration_with_existing_email.cy.js",
      "file": "cypress/e2e/Registration_with_existing_email.cy.js",
      "beforeHooks": [],
      "afterHooks": [],
      "tests": [],
      "suites": [
        {
          "uuid": "e50022fd-10e2-4325-828b-ee4d4bf29732",
          "title": "Registration-Positive",
          "fullFile": "",
          "file": "",
          "beforeHooks": [],
          "afterHooks": [],
          "tests": [
            {
              "title": "Fill out registartion form",
              "fullTitle": "Registration-Positive Fill out registartion form",
              "timedOut": null,
              "duration": 12126,
              "state": "passed",
              "speed": "slow",
              "pass": true,
              "fail": false,
              "pending": false,
              "context": "{\n  \"title\": \"cypress-mochawesome-reporter-screenshots\",\n  \"value\": [\n    [\n      \"/Registration_with_existing_email.cy.js/Unsuccessfull_login_wrong_email.png\"\n    ]\n  ]\n}",
              "code": "registerPage.enterUserName(userName);\nregisterPage.enterEmail(globalEmail);\nregisterPage.enterPassword(globalPassword);\nregisterPage.enterPasswordConfirm(globalPasswordConfirm);\nregisterPage.enterDateOfBirth();\nregisterPage.enterPhoneNumber(phoneNumber);\nregisterPage.enterAddress(address);\nregisterPage.selectAddressType();\nregisterPage.selectGenderMale();\nregisterPage.selectCountry(country);\nregisterPage.selectState(state);\nregisterPage.selectCity(city);\nregisterPage.enterZipCode(zipcode);\nregisterPage.checkTermsBox();\nregisterPage.clcikSignUpRegistrationButton();\ncy.get(loc.unSuccessRegistrationMessage).should('exist').screenshot(\"Unsuccessfull_login_wrong_email\");",
              "err": {},
              "uuid": "46cefc4a-1fe5-437a-9efd-b8cc5523a493",
              "parentUUID": "e50022fd-10e2-4325-828b-ee4d4bf29732",
              "isHook": false,
              "skipped": false
            }
          ],
          "suites": [],
          "passes": [
            "46cefc4a-1fe5-437a-9efd-b8cc5523a493"
          ],
          "failures": [],
          "pending": [],
          "skipped": [],
          "duration": 12126,
          "root": false,
          "rootEmpty": false,
          "_timeout": 2000
        }
      ],
      "passes": [],
      "failures": [],
      "pending": [],
      "skipped": [],
      "duration": 0,
      "root": true,
      "rootEmpty": true,
      "_timeout": 2000
    }
  ],
  "meta": {
    "mocha": {
      "version": "7.0.1"
    },
    "mochawesome": {
      "options": {
        "quiet": false,
        "reportFilename": "mochawesome",
        "saveHtml": false,
        "saveJson": true,
        "consoleReporter": "spec",
        "useInlineDiffs": false,
        "code": true
      },
      "version": "7.1.3"
    },
    "marge": {
      "options": {
        "charts": true,
        "overwrite": false,
        "html": false,
        "json": true,
        "reportDir": "cypress/reports/mochawesome-report",
        "reportPageTitle": "Project Frame Report",
        "embeddedScreenshots": true
      },
      "version": "6.2.0"
    }
  }
}